<?xml version="1.0" encoding="UTF-8"?>
<testsuite name="BytecodeTests" tests="10" skipped="0" failures="0" errors="0" timestamp="2022-05-15T23:29:25" hostname="HP-Pavilion" time="0.467">
  <properties/>
  <testcase name="basicPrintTest" classname="BytecodeTests" time="0.134"/>
  <testcase name="testArrays" classname="BytecodeTests" time="0.055"/>
  <testcase name="testIfWhile" classname="BytecodeTests" time="0.023"/>
  <testcase name="testLiteralsAndUnary" classname="BytecodeTests" time="0.034"/>
  <testcase name="testLogic" classname="BytecodeTests" time="0.097"/>
  <testcase name="testMethod" classname="BytecodeTests" time="0.014"/>
  <testcase name="testNumericBinary" classname="BytecodeTests" time="0.064"/>
  <testcase name="testStructs" classname="BytecodeTests" time="0.012"/>
  <testcase name="testVarDecl" classname="BytecodeTests" time="0.011"/>
  <testcase name="testVariables" classname="BytecodeTests" time="0.02"/>
  <system-out><![CDATA[]]></system-out>
  <system-err><![CDATA[]]></system-err>
</testsuite>
