<?xml version="1.0" encoding="UTF-8"?>
<testsuite name="GrammarTests" tests="8" skipped="0" failures="0" errors="0" timestamp="2022-05-17T11:59:38" hostname="lambert-hp-spectre" time="0.041">
  <properties/>
  <testcase name="testArrayStructAccess" classname="GrammarTests" time="0.005"/>
  <testcase name="testDeclarations" classname="GrammarTests" time="0.005"/>
  <testcase name="testLiteralsAndUnary" classname="GrammarTests" time="0.007"/>
  <testcase name="testNumericBinary" classname="GrammarTests" time="0.008"/>
  <testcase name="testStatements" classname="GrammarTests" time="0.007"/>
  <testcase name="testTearFact" classname="GrammarTests" time="0.002"/>
  <testcase name="testTearQuery" classname="GrammarTests" time="0.002"/>
  <testcase name="testTearRule" classname="GrammarTests" time="0.003"/>
  <system-out><![CDATA[]]></system-out>
  <system-err><![CDATA[]]></system-err>
</testsuite>
