<?xml version="1.0" encoding="UTF-8"?>
<testsuite name="BytecodeTests" tests="10" skipped="0" failures="0" errors="0" timestamp="2022-05-15T09:03:55" hostname="HP-Pavilion" time="0.511">
  <properties/>
  <testcase name="basicPrintTest" classname="BytecodeTests" time="0.141"/>
  <testcase name="testArrays" classname="BytecodeTests" time="0.058"/>
  <testcase name="testIfWhile" classname="BytecodeTests" time="0.023"/>
  <testcase name="testLiteralsAndUnary" classname="BytecodeTests" time="0.034"/>
  <testcase name="testLogic" classname="BytecodeTests" time="0.104"/>
  <testcase name="testMethod" classname="BytecodeTests" time="0.017"/>
  <testcase name="testNumericBinary" classname="BytecodeTests" time="0.077"/>
  <testcase name="testStructs" classname="BytecodeTests" time="0.015"/>
  <testcase name="testVarDecl" classname="BytecodeTests" time="0.013"/>
  <testcase name="testVariables" classname="BytecodeTests" time="0.025"/>
  <system-out><![CDATA[]]></system-out>
  <system-err><![CDATA[]]></system-err>
</testsuite>
