<?xml version="1.0" encoding="UTF-8"?>
<testsuite name="GrammarTests" tests="6" skipped="0" failures="0" errors="0" timestamp="2022-04-19T11:01:17" hostname="lambert-hp-spectre" time="0.036">
  <properties/>
  <testcase name="testArrayStructAccess" classname="GrammarTests" time="0.005"/>
  <testcase name="testDeclarations" classname="GrammarTests" time="0.005"/>
  <testcase name="testLiteralsAndUnary" classname="GrammarTests" time="0.006"/>
  <testcase name="testNumericBinary" classname="GrammarTests" time="0.009"/>
  <testcase name="testStatements" classname="GrammarTests" time="0.008"/>
  <testcase name="testTearFact" classname="GrammarTests" time="0.001"/>
  <system-out><![CDATA[]]></system-out>
  <system-err><![CDATA[]]></system-err>
</testsuite>
