<?xml version="1.0" encoding="UTF-8"?>
<testsuite name="BytecodeTests" tests="10" skipped="0" failures="0" errors="0" timestamp="2022-04-19T11:07:15" hostname="lambert-hp-spectre" time="0.407">
  <properties/>
  <testcase name="basicPrintTest" classname="BytecodeTests" time="0.112"/>
  <testcase name="testArrays" classname="BytecodeTests" time="0.055"/>
  <testcase name="testIfWhile" classname="BytecodeTests" time="0.022"/>
  <testcase name="testLiteralsAndUnary" classname="BytecodeTests" time="0.029"/>
  <testcase name="testLogic" classname="BytecodeTests" time="0.081"/>
  <testcase name="testMethod" classname="BytecodeTests" time="0.01"/>
  <testcase name="testNumericBinary" classname="BytecodeTests" time="0.053"/>
  <testcase name="testStructs" classname="BytecodeTests" time="0.012"/>
  <testcase name="testVarDecl" classname="BytecodeTests" time="0.011"/>
  <testcase name="testVariables" classname="BytecodeTests" time="0.02"/>
  <system-out><![CDATA[]]></system-out>
  <system-err><![CDATA[]]></system-err>
</testsuite>
