<?xml version="1.0" encoding="UTF-8"?>
<testsuite name="InterpreterTests" tests="11" skipped="0" failures="0" errors="0" timestamp="2022-03-08T19:54:49" hostname="HP-Pavilion" time="0.158">
  <properties/>
  <testcase name="testArrayStructAccess" classname="InterpreterTests" time="0.036"/>
  <testcase name="testCalls" classname="InterpreterTests" time="0.008"/>
  <testcase name="testIfWhile" classname="InterpreterTests" time="0.008"/>
  <testcase name="testInference" classname="InterpreterTests" time="0.006"/>
  <testcase name="testLiteralsAndUnary" classname="InterpreterTests" time="0.012"/>
  <testcase name="testNumericBinary" classname="InterpreterTests" time="0.027"/>
  <testcase name="testOtherBinary" classname="InterpreterTests" time="0.034"/>
  <testcase name="testRootAndBlock" classname="InterpreterTests" time="0.01"/>
  <testcase name="testTypeAsValues" classname="InterpreterTests" time="0.003"/>
  <testcase name="testUnconditionalReturn" classname="InterpreterTests" time="0.003"/>
  <testcase name="testVarDecl" classname="InterpreterTests" time="0.007"/>
  <system-out><![CDATA[]]></system-out>
  <system-err><![CDATA[]]></system-err>
</testsuite>
