<?xml version="1.0" encoding="UTF-8"?>
<testsuite name="BytecodeTests" tests="10" skipped="0" failures="0" errors="0" timestamp="2022-05-16T10:19:48" hostname="HP-Pavilion" time="0.557">
  <properties/>
  <testcase name="basicPrintTest" classname="BytecodeTests" time="0.136"/>
  <testcase name="testArrays" classname="BytecodeTests" time="0.073"/>
  <testcase name="testIfWhile" classname="BytecodeTests" time="0.028"/>
  <testcase name="testLiteralsAndUnary" classname="BytecodeTests" time="0.037"/>
  <testcase name="testLogic" classname="BytecodeTests" time="0.111"/>
  <testcase name="testMethod" classname="BytecodeTests" time="0.017"/>
  <testcase name="testNumericBinary" classname="BytecodeTests" time="0.093"/>
  <testcase name="testStructs" classname="BytecodeTests" time="0.017"/>
  <testcase name="testVarDecl" classname="BytecodeTests" time="0.014"/>
  <testcase name="testVariables" classname="BytecodeTests" time="0.025"/>
  <system-out><![CDATA[]]></system-out>
  <system-err><![CDATA[]]></system-err>
</testsuite>
